Arguments: 
  /usr/local/bin/node /usr/local/bin/yarn add gulp gulp-postcss autoprefixer-core

PATH: 
  /usr/local/bin:/usr/bin:/bin:/usr/sbin:/sbin

Yarn version: 
  1.3.2

Node version: 
  8.9.3

Platform: 
  darwin x64

npm manifest: 
  {
    "name": "css-genesis-framework",
    "version": "1.0.0",
    "description": "CSS framework for Front-End development.",
    "main": "index.js",
    "scripts": {
      "sass:watch": "node-sass -w --output-style expanded src/genesis.scss dist/genesis.css && node-sass --output-style compressed src/genesis.scss dist/genesis.min.css"
    },
    "keywords": [
      "css",
      "css3",
      "flexbox",
      "front-end",
      "framework",
      "html",
      "html5",
      "kickstarter",
      "responsive",
      "mobile",
      "mobile-first",
      "responsive",
      "sass",
      "scss"
    ],
    "ignore": [
      ".github",
      ".gitignore",
      "package.json"
    ],
    "repository": {
      "type": "git",
      "url": "git+https://github.com/costaleonardo/css-genesis-framework.git"
    },
    "author": "Leonardo Da Costa <costaleonardo97@gmail.com>",
    "license": "MIT",
    "bugs": {
      "url": "https://github.com/costaleonardo/css-genesis-framework/issues"
    },
    "homepage": "https://github.com/costaleonardo/css-genesis-framework#readme"
  }

yarn manifest: 
  No manifest

Lockfile: 
  # THIS IS AN AUTOGENERATED FILE. DO NOT EDIT THIS FILE DIRECTLY.
  # yarn lockfile v1

Trace: 
  Error: EACCES: permission denied, mkdir '/Users/leonardo/Desktop/projects/css-genesis-framework/node_modules/autoprefixer/node_modules/postcss'
